OPEN 0 1 3 940000.00
OPEN 0 2 6 30000.00
OPEN 0 4 12 30000.00
OPEN 3 1 12 30000.00
ADD 3 2 903672.84
OPEN 3 3 6 30000.00
OPEN 6 2 12 30000.00
ADD 6 3 933666.89
OPEN 9 3 12 30000.00
ADD 9 4 964608.25
ADD 12 1 1005987.12
OPEN 12 4 12 30000.00
OPEN 15 1 12 30000.00
ADD 15 2 1048992.09
OPEN 18 2 12 30000.00
ADD 18 3 1093687.04
OPEN 21 3 12 30000.00
ADD 21 4 1140138.40
ADD 24 1 1188415.19
OPEN 24 4 12 30000.00
OPEN 27 1 12 30000.00
ADD 27 2 1238589.13
OPEN 30 2 12 30000.00
ADD 30 3 1290734.80
OPEN 33 3 12 30000.00
ADD 33 4 1344929.66
OPEN 36 4 12 30000.00
ADD 36 1 1401254.25
ADD 39 2 1489792.26
ADD 42 3 1581809.60
ADD 45 4 1677443.00